<?xml version="1.0" encoding="UTF-8"?>
<!-- Generated by org.testng.reporters.JUnitXMLReporter -->
<testsuite ignored="0" hostname="macbooks-MacBook-Pro.local" failures="1" tests="1" name="ChromeTest" time="34.785" errors="0" timestamp="25 Jan 2021 06:38:07 GMT">
  <testcase classname="testScripts.HomePageE2E" name="positiveScenario01" time="16.0">
    <failure type="org.openqa.selenium.ElementClickInterceptedException" message="element click intercepted: Element &amp;lt;p class=&amp;quot;l-display-text&amp;quot;&amp;gt;...&amp;lt;/p&amp;gt; is not clickable at point (197, 356). Other element would receive the click: &amp;lt;a data-index=&amp;quot;0&amp;quot; data-place-id=&amp;quot;ChIJbU60yXAWrjsR4E9-UejD3_g&amp;quot; data-primary-description=&amp;quot;Bangalore&amp;quot; data-secondary-description=&amp;quot;Karnataka, India&amp;quot;&amp;gt;...&amp;lt;/a&amp;gt;
  (Session info: chrome=88.0.4324.96)
Build info: version: &amp;apos;3.141.59&amp;apos;, revision: &amp;apos;e82be7d358&amp;apos;, time: &amp;apos;2018-11-14T08:17:03&amp;apos;
System info: host: &amp;apos;macbooks-MacBook-Pro.local&amp;apos;, ip: &amp;apos;fe80:0:0:0:1ccf:2d74:887:c5bf%en0&amp;apos;, os.name: &amp;apos;Mac OS X&amp;apos;, os.arch: &amp;apos;x86_64&amp;apos;, os.version: &amp;apos;10.15.7&amp;apos;, java.version: &amp;apos;15.0.1&amp;apos;
Driver info: org.openqa.selenium.chrome.ChromeDriver
Capabilities {acceptInsecureCerts: false, browserName: chrome, browserVersion: 88.0.4324.96, chrome: {chromedriverVersion: 87.0.4280.88 (89e2380a3e36c..., userDataDir: /var/folders/6w/f4tylsd13h7...}, goog:chromeOptions: {debuggerAddress: localhost:51468}, javascriptEnabled: true, networkConnectionEnabled: false, pageLoadStrategy: normal, platform: MAC, platformName: MAC, proxy: Proxy(), setWindowRect: true, strictFileInteractability: false, timeouts: {implicit: 0, pageLoad: 300000, script: 30000}, unhandledPromptBehavior: dismiss and notify, webauthn:virtualAuthenticators: true}
Session ID: ad8bbe6172e3e9c1b53ad626d98a5548">
      <![CDATA[org.openqa.selenium.ElementClickInterceptedException: element click intercepted: Element <p class="l-display-text">...</p> is not clickable at point (197, 356). Other element would receive the click: <a data-index="0" data-place-id="ChIJbU60yXAWrjsR4E9-UejD3_g" data-primary-description="Bangalore" data-secondary-description="Karnataka, India">...</a>
  (Session info: chrome=88.0.4324.96)
Build info: version: '3.141.59', revision: 'e82be7d358', time: '2018-11-14T08:17:03'
System info: host: 'macbooks-MacBook-Pro.local', ip: 'fe80:0:0:0:1ccf:2d74:887:c5bf%en0', os.name: 'Mac OS X', os.arch: 'x86_64', os.version: '10.15.7', java.version: '15.0.1'
Driver info: org.openqa.selenium.chrome.ChromeDriver
Capabilities {acceptInsecureCerts: false, browserName: chrome, browserVersion: 88.0.4324.96, chrome: {chromedriverVersion: 87.0.4280.88 (89e2380a3e36c..., userDataDir: /var/folders/6w/f4tylsd13h7...}, goog:chromeOptions: {debuggerAddress: localhost:51468}, javascriptEnabled: true, networkConnectionEnabled: false, pageLoadStrategy: normal, platform: MAC, platformName: MAC, proxy: Proxy(), setWindowRect: true, strictFileInteractability: false, timeouts: {implicit: 0, pageLoad: 300000, script: 30000}, unhandledPromptBehavior: dismiss and notify, webauthn:virtualAuthenticators: true}
Session ID: ad8bbe6172e3e9c1b53ad626d98a5548
	at org.openqa.selenium.remote.http.W3CHttpResponseCodec.createException(W3CHttpResponseCodec.java:187)
	at org.openqa.selenium.remote.http.W3CHttpResponseCodec.decode(W3CHttpResponseCodec.java:122)
	at org.openqa.selenium.remote.http.W3CHttpResponseCodec.decode(W3CHttpResponseCodec.java:49)
	at org.openqa.selenium.remote.HttpCommandExecutor.execute(HttpCommandExecutor.java:158)
	at org.openqa.selenium.remote.service.DriverCommandExecutor.execute(DriverCommandExecutor.java:83)
	at org.openqa.selenium.remote.RemoteWebDriver.execute(RemoteWebDriver.java:552)
	at org.openqa.selenium.remote.RemoteWebElement.execute(RemoteWebElement.java:285)
	at org.openqa.selenium.remote.RemoteWebElement.click(RemoteWebElement.java:84)
	at reusables.HomePageReusables.verifyRoomsAndGuests(HomePageReusables.java:45)
	at testScripts.HomePageE2E.positiveScenario01(HomePageE2E.java:31)
	at java.base/java.util.concurrent.FutureTask.run(FutureTask.java:264)
	at java.base/java.util.concurrent.ThreadPoolExecutor.runWorker(ThreadPoolExecutor.java:1130)
	at java.base/java.util.concurrent.ThreadPoolExecutor$Worker.run(ThreadPoolExecutor.java:630)
	at java.base/java.lang.Thread.run(Thread.java:832)
... Removed 21 stack frames]]>
    </failure>
  </testcase> <!-- positiveScenario01 -->
</testsuite> <!-- ChromeTest -->
